<?xml version="1.0" encoding="UTF-8"?>
<testng-results skipped="0" failed="0" ignored="0" total="1" passed="1">
  <reporter-output>
    <line>
      <![CDATA[testInvalidLogin is PASSED]]>
    </line>
  </reporter-output>
  <suite name="Default suite" duration-ms="225595" started-at="2018-03-13T10:30:15Z" finished-at="2018-03-13T10:34:00Z">
    <groups>
      <group name="login">
        <method signature="InvalidLogin.testInvalidLogin()[pri:2, instance:script.InvalidLogin@1622fdf]" name="testInvalidLogin" class="script.InvalidLogin"/>
      </group> <!-- login -->
    </groups>
    <test name="Default test" duration-ms="225595" started-at="2018-03-13T10:30:15Z" finished-at="2018-03-13T10:34:00Z">
      <class name="script.InvalidLogin">
        <test-method status="PASS" signature="openApplication()[pri:0, instance:script.InvalidLogin@1622fdf]" name="openApplication" is-config="true" duration-ms="83457" started-at="2018-03-13T10:30:15Z" finished-at="2018-03-13T10:31:38Z">
          <reporter-output>
          </reporter-output>
        </test-method> <!-- openApplication -->
        <test-method status="PASS" signature="testInvalidLogin()[pri:2, instance:script.InvalidLogin@1622fdf]" name="testInvalidLogin" duration-ms="138445" started-at="2018-03-13T10:31:38Z" finished-at="2018-03-13T10:33:57Z">
          <reporter-output>
          </reporter-output>
        </test-method> <!-- testInvalidLogin -->
        <test-method status="PASS" signature="closeApplication(org.testng.ITestResult)[pri:0, instance:script.InvalidLogin@1622fdf]" name="closeApplication" is-config="true" duration-ms="3251" started-at="2018-03-13T10:33:57Z" finished-at="2018-03-13T10:34:00Z">
          <params>
            <param index="0">
              <value>
                <![CDATA[[TestResult name=testInvalidLogin status=SUCCESS method=InvalidLogin.testInvalidLogin()[pri:2, instance:script.InvalidLogin@1622fdf] output={null}]]]>
              </value>
            </param>
          </params>
          <reporter-output>
            <line>
              <![CDATA[testInvalidLogin is PASSED]]>
            </line>
          </reporter-output>
        </test-method> <!-- closeApplication -->
      </class> <!-- script.InvalidLogin -->
    </test> <!-- Default test -->
  </suite> <!-- Default suite -->
</testng-results>
